<?xml version="1.0" encoding="UTF-8"?>
<testsuite name="org.example.MainTest" tests="1" skipped="0" failures="0" errors="0" timestamp="2023-02-22T08:55:47" hostname="DESKTOP-HAPLGAQ" time="0.002">
  <properties/>
  <testcase name="sum" classname="org.example.MainTest" time="0.002"/>
  <system-out><![CDATA[]]></system-out>
  <system-err><![CDATA[]]></system-err>
</testsuite>
